<?xml version="1.0" encoding="UTF-8"?>
<testng-results skipped="0" failed="0" ignored="0" total="1" passed="1">
  <reporter-output>
    <line>
      <![CDATA[Hi]]>
    </line>
  </reporter-output>
  <suite name="Suite" duration-ms="43" started-at="2017-02-16T08:33:48Z" finished-at="2017-02-16T08:33:48Z">
    <groups>
    </groups>
    <test name="Test" duration-ms="43" started-at="2017-02-16T08:33:48Z" finished-at="2017-02-16T08:33:48Z">
      <class name="org.com.Demo12">
        <test-method status="PASS" signature="test()[pri:0, instance:org.com.Demo12@48eff760]" name="test" duration-ms="16" started-at="2017-02-16T14:03:48Z" finished-at="2017-02-16T14:03:48Z">
          <reporter-output>
            <line>
              <![CDATA[Hi]]>
            </line>
          </reporter-output>
        </test-method> <!-- test -->
      </class> <!-- org.com.Demo12 -->
    </test> <!-- Test -->
  </suite> <!-- Suite -->
</testng-results>
